# JRE version: Java(TM) SE Runtime Environment (8.0_91-b15) (build 1.8.0_91-b15)
# Java VM: Java HotSpot(TM) 64-Bit Server VM (25.91-b15 mixed mode windows-amd64 compressed oops)
Heap:
 PSYoungGen      total 123904K, used 81753K [0x00000000d5f00000, 0x00000000e2d80000, 0x0000000100000000)
  eden space 43008K, 1% used [0x00000000d5f00000,0x00000000d5fd66e0,0x00000000d8900000)
  from space 80896K, 100% used [0x00000000dde80000,0x00000000e2d80000,0x00000000e2d80000)
  to   space 83456K, 0% used [0x00000000d8900000,0x00000000d8900000,0x00000000dda80000)
 ParOldGen       total 454144K, used 313288K [0x0000000081c00000, 0x000000009d780000, 0x00000000d5f00000)
  object space 454144K, 68% used [0x0000000081c00000,0x0000000094df2240,0x000000009d780000)
 Metaspace       used 25826K, capacity 27322K, committed 27648K, reserved 1073152K
  class space    used 3455K, capacity 3738K, committed 3840K, reserved 1048576K
GC Heap History (10 events):
Event: 229.917 GC heap before
{Heap before GC invocations=20 (full 3):
 PSYoungGen      total 119808K, used 78112K [0x00000000d5f00000, 0x00000000e3700000, 0x0000000100000000)
  eden space 34816K, 100% used [0x00000000d5f00000,0x00000000d8100000,0x00000000d8100000)
  from space 84992K, 50% used [0x00000000de400000,0x00000000e0e48000,0x00000000e3700000)
  to   space 93184K, 0% used [0x00000000d8100000,0x00000000d8100000,0x00000000ddc00000)
 ParOldGen       total 285696K, used 195220K [0x0000000081c00000, 0x0000000093300000, 0x00000000d5f00000)
  object space 285696K, 68% used [0x0000000081c00000,0x000000008daa53f0,0x0000000093300000)
 Metaspace       used 25826K, capacity 27322K, committed 27648K, reserved 1073152K
  class space    used 3455K, capacity 3738K, committed 3840K, reserved 1048576K
Event: 230.086 GC heap after
Heap after GC invocations=20 (full 3):
 PSYoungGen      total 128000K, used 34944K [0x00000000d5f00000, 0x00000000e3580000, 0x0000000100000000)
  eden space 34816K, 0% used [0x00000000d5f00000,0x00000000d5f00000,0x00000000d8100000)
  from space 93184K, 37% used [0x00000000d8100000,0x00000000da320000,0x00000000ddc00000)
  to   space 88064K, 0% used [0x00000000ddf80000,0x00000000ddf80000,0x00000000e3580000)
 ParOldGen       total 285696K, used 238684K [0x0000000081c00000, 0x0000000093300000, 0x00000000d5f00000)
  object space 285696K, 83% used [0x0000000081c00000,0x00000000905173f0,0x0000000093300000)
 Metaspace       used 25826K, capacity 27322K, committed 27648K, reserved 1073152K
  class space    used 3455K, capacity 3738K, committed 3840K, reserved 1048576K
}
Event: 234.975 GC heap before
{Heap before GC invocations=21 (full 3):
 PSYoungGen      total 128000K, used 69760K [0x00000000d5f00000, 0x00000000e3580000, 0x0000000100000000)
  eden space 34816K, 100% used [0x00000000d5f00000,0x00000000d8100000,0x00000000d8100000)
  from space 93184K, 37% used [0x00000000d8100000,0x00000000da320000,0x00000000ddc00000)
  to   space 88064K, 0% used [0x00000000ddf80000,0x00000000ddf80000,0x00000000e3580000)
 ParOldGen       total 285696K, used 238684K [0x0000000081c00000, 0x0000000093300000, 0x00000000d5f00000)
  object space 285696K, 83% used [0x0000000081c00000,0x00000000905173f0,0x0000000093300000)
 Metaspace       used 25826K, capacity 27322K, committed 27648K, reserved 1073152K
  class space    used 3455K, capacity 3738K, committed 3840K, reserved 1048576K
Event: 235.153 GC heap after
Heap after GC invocations=21 (full 3):
 PSYoungGen      total 121344K, used 34912K [0x00000000d5f00000, 0x00000000e2c00000, 0x0000000100000000)
  eden space 43008K, 0% used [0x00000000d5f00000,0x00000000d5f00000,0x00000000d8900000)
  from space 78336K, 44% used [0x00000000ddf80000,0x00000000e0198000,0x00000000e2c00000)
  to   space 83456K, 0% used [0x00000000d8900000,0x00000000d8900000,0x00000000dda80000)
 ParOldGen       total 285696K, used 273732K [0x0000000081c00000, 0x0000000093300000, 0x00000000d5f00000)
  object space 285696K, 95% used [0x0000000081c00000,0x00000000927513f0,0x0000000093300000)
 Metaspace       used 25826K, capacity 27322K, committed 27648K, reserved 1073152K
  class space    used 3455K, capacity 3738K, committed 3840K, reserved 1048576K
}
Event: 235.153 GC heap before
{Heap before GC invocations=22 (full 4):
 PSYoungGen      total 121344K, used 34912K [0x00000000d5f00000, 0x00000000e2c00000, 0x0000000100000000)
  eden space 43008K, 0% used [0x00000000d5f00000,0x00000000d5f00000,0x00000000d8900000)
  from space 78336K, 44% used [0x00000000ddf80000,0x00000000e0198000,0x00000000e2c00000)
  to   space 83456K, 0% used [0x00000000d8900000,0x00000000d8900000,0x00000000dda80000)
 ParOldGen       total 285696K, used 273732K [0x0000000081c00000, 0x0000000093300000, 0x00000000d5f00000)
  object space 285696K, 95% used [0x0000000081c00000,0x00000000927513f0,0x0000000093300000)
 Metaspace       used 25826K, capacity 27322K, committed 27648K, reserved 1073152K
  class space    used 3455K, capacity 3738K, committed 3840K, reserved 1048576K
Event: 237.442 GC heap after
Heap after GC invocations=22 (full 4):
 PSYoungGen      total 121344K, used 22543K [0x00000000d5f00000, 0x00000000e2c00000, 0x0000000100000000)
  eden space 43008K, 0% used [0x00000000d5f00000,0x00000000d5f00000,0x00000000d8900000)
  from space 78336K, 28% used [0x00000000ddf80000,0x00000000df583e18,0x00000000e2c00000)
  to   space 83456K, 0% used [0x00000000d8900000,0x00000000d8900000,0x00000000dda80000)
 ParOldGen       total 454144K, used 285280K [0x0000000081c00000, 0x000000009d780000, 0x00000000d5f00000)
  object space 454144K, 62% used [0x0000000081c00000,0x0000000093298240,0x000000009d780000)
 Metaspace       used 25826K, capacity 27322K, committed 27648K, reserved 1073152K
  class space    used 3455K, capacity 3738K, committed 3840K, reserved 1048576K
}
Event: 247.674 GC heap before
{Heap before GC invocations=23 (full 4):
 PSYoungGen      total 121344K, used 65551K [0x00000000d5f00000, 0x00000000e2c00000, 0x0000000100000000)
  eden space 43008K, 100% used [0x00000000d5f00000,0x00000000d8900000,0x00000000d8900000)
  from space 78336K, 28% used [0x00000000ddf80000,0x00000000df583e18,0x00000000e2c00000)
  to   space 83456K, 0% used [0x00000000d8900000,0x00000000d8900000,0x00000000dda80000)
 ParOldGen       total 454144K, used 285280K [0x0000000081c00000, 0x000000009d780000, 0x00000000d5f00000)
  object space 454144K, 62% used [0x0000000081c00000,0x0000000093298240,0x000000009d780000)
 Metaspace       used 25826K, capacity 27322K, committed 27648K, reserved 1073152K
  class space    used 3455K, capacity 3738K, committed 3840K, reserved 1048576K
Event: 247.919 GC heap after
Heap after GC invocations=23 (full 4):
 PSYoungGen      total 126464K, used 43136K [0x00000000d5f00000, 0x00000000e2d80000, 0x0000000100000000)
  eden space 43008K, 0% used [0x00000000d5f00000,0x00000000d5f00000,0x00000000d8900000)
  from space 83456K, 51% used [0x00000000d8900000,0x00000000db320000,0x00000000dda80000)
  to   space 80896K, 0% used [0x00000000dde80000,0x00000000dde80000,0x00000000e2d80000)
 ParOldGen       total 454144K, used 307984K [0x0000000081c00000, 0x000000009d780000, 0x00000000d5f00000)
  object space 454144K, 67% used [0x0000000081c00000,0x00000000948c4240,0x000000009d780000)
 Metaspace       used 25826K, capacity 27322K, committed 27648K, reserved 1073152K
  class space    used 3455K, capacity 3738K, committed 3840K, reserved 1048576K
}
Event: 261.900 GC heap before
{Heap before GC invocations=24 (full 4):
 PSYoungGen      total 126464K, used 86144K [0x00000000d5f00000, 0x00000000e2d80000, 0x0000000100000000)
  eden space 43008K, 100% used [0x00000000d5f00000,0x00000000d8900000,0x00000000d8900000)
  from space 83456K, 51% used [0x00000000d8900000,0x00000000db320000,0x00000000dda80000)
  to   space 80896K, 0% used [0x00000000dde80000,0x00000000dde80000,0x00000000e2d80000)
 ParOldGen       total 454144K, used 307984K [0x0000000081c00000, 0x000000009d780000, 0x00000000d5f00000)
  object space 454144K, 67% used [0x0000000081c00000,0x00000000948c4240,0x000000009d780000)
 Metaspace       used 25826K, capacity 27322K, committed 27648K, reserved 1073152K
  class space    used 3455K, capacity 3738K, committed 3840K, reserved 1048576K
Event: 262.178 GC heap after
Heap after GC invocations=24 (full 4):
 PSYoungGen      total 123904K, used 80896K [0x00000000d5f00000, 0x00000000e2d80000, 0x0000000100000000)
  eden space 43008K, 0% used [0x00000000d5f00000,0x00000000d5f00000,0x00000000d8900000)
  from space 80896K, 100% used [0x00000000dde80000,0x00000000e2d80000,0x00000000e2d80000)
  to   space 83456K, 0% used [0x00000000d8900000,0x00000000d8900000,0x00000000dda80000)
 ParOldGen       total 454144K, used 313288K [0x0000000081c00000, 0x000000009d780000, 0x00000000d5f00000)
  object space 454144K, 68% used [0x0000000081c00000,0x0000000094df2240,0x000000009d780000)
 Metaspace       used 25826K, capacity 27322K, committed 27648K, reserved 1073152K
  class space    used 3455K, capacity 3738K, committed 3840K, reserved 1048576K
}

