# JRE version: Java(TM) SE Runtime Environment (8.0_91-b15) (build 1.8.0_91-b15)
# Java VM: Java HotSpot(TM) 64-Bit Server VM (25.91-b15 mixed mode windows-amd64 compressed oops)
Heap:
 PSYoungGen      total 150016K, used 68074K [0x00000000d5f00000, 0x00000000e5980000, 0x0000000100000000)
  eden space 41984K, 64% used [0x00000000d5f00000,0x00000000d797af90,0x00000000d8800000)
  from space 108032K, 37% used [0x00000000d8800000,0x00000000dafffa78,0x00000000df180000)
  to   space 101888K, 0% used [0x00000000df600000,0x00000000df600000,0x00000000e5980000)
 ParOldGen       total 510464K, used 306973K [0x0000000081c00000, 0x00000000a0e80000, 0x00000000d5f00000)
  object space 510464K, 60% used [0x0000000081c00000,0x00000000947c74c0,0x00000000a0e80000)
 Metaspace       used 25553K, capacity 27080K, committed 27392K, reserved 1073152K
  class space    used 3452K, capacity 3739K, committed 3840K, reserved 1048576K
GC Heap History (10 events):
Event: 120.249 GC heap before
{Heap before GC invocations=13 (full 3):
 PSYoungGen      total 125952K, used 54368K [0x00000000d5f00000, 0x00000000e3000000, 0x0000000100000000)
  eden space 58368K, 0% used [0x00000000d5f00000,0x00000000d5f00000,0x00000000d9800000)
  from space 67584K, 80% used [0x00000000de080000,0x00000000e1598000,0x00000000e2280000)
  to   space 74240K, 0% used [0x00000000d9800000,0x00000000d9800000,0x00000000de080000)
 ParOldGen       total 154624K, used 136193K [0x0000000081c00000, 0x000000008b300000, 0x00000000d5f00000)
  object space 154624K, 88% used [0x0000000081c00000,0x000000008a1006c8,0x000000008b300000)
 Metaspace       used 25553K, capacity 27080K, committed 27392K, reserved 1073152K
  class space    used 3452K, capacity 3739K, committed 3840K, reserved 1048576K
Event: 124.400 GC heap after
Heap after GC invocations=13 (full 3):
 PSYoungGen      total 125952K, used 34804K [0x00000000d5f00000, 0x00000000e3000000, 0x0000000100000000)
  eden space 58368K, 0% used [0x00000000d5f00000,0x00000000d5f00000,0x00000000d9800000)
  from space 67584K, 51% used [0x00000000de080000,0x00000000e027d098,0x00000000e2280000)
  to   space 74240K, 0% used [0x00000000d9800000,0x00000000d9800000,0x00000000de080000)
 ParOldGen       total 289280K, used 154416K [0x0000000081c00000, 0x0000000093680000, 0x00000000d5f00000)
  object space 289280K, 53% used [0x0000000081c00000,0x000000008b2cc028,0x0000000093680000)
 Metaspace       used 25553K, capacity 27080K, committed 27392K, reserved 1073152K
  class space    used 3452K, capacity 3739K, committed 3840K, reserved 1048576K
}
Event: 134.724 GC heap before
{Heap before GC invocations=14 (full 3):
 PSYoungGen      total 125952K, used 93172K [0x00000000d5f00000, 0x00000000e3000000, 0x0000000100000000)
  eden space 58368K, 100% used [0x00000000d5f00000,0x00000000d9800000,0x00000000d9800000)
  from space 67584K, 51% used [0x00000000de080000,0x00000000e027d098,0x00000000e2280000)
  to   space 74240K, 0% used [0x00000000d9800000,0x00000000d9800000,0x00000000de080000)
 ParOldGen       total 289280K, used 154416K [0x0000000081c00000, 0x0000000093680000, 0x00000000d5f00000)
  object space 289280K, 53% used [0x0000000081c00000,0x000000008b2cc028,0x0000000093680000)
 Metaspace       used 25553K, capacity 27080K, committed 27392K, reserved 1073152K
  class space    used 3452K, capacity 3739K, committed 3840K, reserved 1048576K
Event: 135.180 GC heap after
Heap after GC invocations=14 (full 3):
 PSYoungGen      total 132608K, used 58464K [0x00000000d5f00000, 0x00000000e4080000, 0x0000000100000000)
  eden space 58368K, 0% used [0x00000000d5f00000,0x00000000d5f00000,0x00000000d9800000)
  from space 74240K, 78% used [0x00000000d9800000,0x00000000dd118000,0x00000000de080000)
  to   space 80896K, 0% used [0x00000000df180000,0x00000000df180000,0x00000000e4080000)
 ParOldGen       total 289280K, used 189456K [0x0000000081c00000, 0x0000000093680000, 0x00000000d5f00000)
  object space 289280K, 65% used [0x0000000081c00000,0x000000008d504028,0x0000000093680000)
 Metaspace       used 25553K, capacity 27080K, committed 27392K, reserved 1073152K
  class space    used 3452K, capacity 3739K, committed 3840K, reserved 1048576K
}
Event: 146.857 GC heap before
{Heap before GC invocations=15 (full 3):
 PSYoungGen      total 132608K, used 116832K [0x00000000d5f00000, 0x00000000e4080000, 0x0000000100000000)
  eden space 58368K, 100% used [0x00000000d5f00000,0x00000000d9800000,0x00000000d9800000)
  from space 74240K, 78% used [0x00000000d9800000,0x00000000dd118000,0x00000000de080000)
  to   space 80896K, 0% used [0x00000000df180000,0x00000000df180000,0x00000000e4080000)
 ParOldGen       total 289280K, used 189456K [0x0000000081c00000, 0x0000000093680000, 0x00000000d5f00000)
  object space 289280K, 65% used [0x0000000081c00000,0x000000008d504028,0x0000000093680000)
 Metaspace       used 25553K, capacity 27080K, committed 27392K, reserved 1073152K
  class space    used 3452K, capacity 3739K, committed 3840K, reserved 1048576K
Event: 147.362 GC heap after
Heap after GC invocations=15 (full 3):
 PSYoungGen      total 122880K, used 80896K [0x00000000d5f00000, 0x00000000e7680000, 0x0000000100000000)
  eden space 41984K, 0% used [0x00000000d5f00000,0x00000000d5f00000,0x00000000d8800000)
  from space 80896K, 100% used [0x00000000df180000,0x00000000e4080000,0x00000000e4080000)
  to   space 108032K, 0% used [0x00000000d8800000,0x00000000d8800000,0x00000000df180000)
 ParOldGen       total 289280K, used 225672K [0x0000000081c00000, 0x0000000093680000, 0x00000000d5f00000)
  object space 289280K, 78% used [0x0000000081c00000,0x000000008f862028,0x0000000093680000)
 Metaspace       used 25553K, capacity 27080K, committed 27392K, reserved 1073152K
  class space    used 3452K, capacity 3739K, committed 3840K, reserved 1048576K
}
Event: 158.767 GC heap before
{Heap before GC invocations=16 (full 3):
 PSYoungGen      total 122880K, used 122880K [0x00000000d5f00000, 0x00000000e7680000, 0x0000000100000000)
  eden space 41984K, 100% used [0x00000000d5f00000,0x00000000d8800000,0x00000000d8800000)
  from space 80896K, 100% used [0x00000000df180000,0x00000000e4080000,0x00000000e4080000)
  to   space 108032K, 0% used [0x00000000d8800000,0x00000000d8800000,0x00000000df180000)
 ParOldGen       total 289280K, used 225672K [0x0000000081c00000, 0x0000000093680000, 0x00000000d5f00000)
  object space 289280K, 78% used [0x0000000081c00000,0x000000008f862028,0x0000000093680000)
 Metaspace       used 25553K, capacity 27080K, committed 27392K, reserved 1073152K
  class space    used 3452K, capacity 3739K, committed 3840K, reserved 1048576K
Event: 159.720 GC heap after
Heap after GC invocations=16 (full 3):
 PSYoungGen      total 150016K, used 42080K [0x00000000d5f00000, 0x00000000e5980000, 0x0000000100000000)
  eden space 41984K, 0% used [0x00000000d5f00000,0x00000000d5f00000,0x00000000d8800000)
  from space 108032K, 38% used [0x00000000d8800000,0x00000000db118000,0x00000000df180000)
  to   space 101888K, 0% used [0x00000000df600000,0x00000000df600000,0x00000000e5980000)
 ParOldGen       total 307200K, used 306960K [0x0000000081c00000, 0x0000000094800000, 0x00000000d5f00000)
  object space 307200K, 99% used [0x0000000081c00000,0x00000000947c4028,0x0000000094800000)
 Metaspace       used 25553K, capacity 27080K, committed 27392K, reserved 1073152K
  class space    used 3452K, capacity 3739K, committed 3840K, reserved 1048576K
}
Event: 159.720 GC heap before
{Heap before GC invocations=17 (full 4):
 PSYoungGen      total 150016K, used 42080K [0x00000000d5f00000, 0x00000000e5980000, 0x0000000100000000)
  eden space 41984K, 0% used [0x00000000d5f00000,0x00000000d5f00000,0x00000000d8800000)
  from space 108032K, 38% used [0x00000000d8800000,0x00000000db118000,0x00000000df180000)
  to   space 101888K, 0% used [0x00000000df600000,0x00000000df600000,0x00000000e5980000)
 ParOldGen       total 307200K, used 306960K [0x0000000081c00000, 0x0000000094800000, 0x00000000d5f00000)
  object space 307200K, 99% used [0x0000000081c00000,0x00000000947c4028,0x0000000094800000)
 Metaspace       used 25553K, capacity 27080K, committed 27392K, reserved 1073152K
  class space    used 3452K, capacity 3739K, committed 3840K, reserved 1048576K
Event: 163.282 GC heap after
Heap after GC invocations=17 (full 4):
 PSYoungGen      total 150016K, used 40958K [0x00000000d5f00000, 0x00000000e5980000, 0x0000000100000000)
  eden space 41984K, 0% used [0x00000000d5f00000,0x00000000d5f00000,0x00000000d8800000)
  from space 108032K, 37% used [0x00000000d8800000,0x00000000dafffa78,0x00000000df180000)
  to   space 101888K, 0% used [0x00000000df600000,0x00000000df600000,0x00000000e5980000)
 ParOldGen       total 510464K, used 306973K [0x0000000081c00000, 0x00000000a0e80000, 0x00000000d5f00000)
  object space 510464K, 60% used [0x0000000081c00000,0x00000000947c74c0,0x00000000a0e80000)
 Metaspace       used 25553K, capacity 27080K, committed 27392K, reserved 1073152K
  class space    used 3452K, capacity 3739K, committed 3840K, reserved 1048576K
}

